<?xml version="1.0" encoding="UTF-8"?>
<testng-results ignored="2" total="3" passed="1" failed="0" skipped="0">
  <reporter-output>
  </reporter-output>
  <suite started-at="2022-04-30T14:52:31Z" name="Default suite" finished-at="2022-04-30T14:52:51Z" duration-ms="19891">
    <groups>
    </groups>
    <test started-at="2022-04-30T14:52:31Z" name="Default test" finished-at="2022-04-30T14:52:51Z" duration-ms="19891">
      <class name="webdriver_new.playing_with_alerts">
        <test-method is-config="true" signature="testcase()[pri:0, instance:webdriver_new.playing_with_alerts@3d246ea3]" started-at="2022-04-30T14:52:31Z" name="testcase" finished-at="2022-04-30T14:52:40Z" duration-ms="8561" status="PASS">
          <reporter-output>
          </reporter-output>
        </test-method> <!-- testcase -->
        <test-method signature="testcase3()[pri:0, instance:webdriver_new.playing_with_alerts@3d246ea3]" started-at="2022-04-30T14:52:40Z" name="testcase3" finished-at="2022-04-30T14:52:51Z" duration-ms="11291" status="PASS">
          <reporter-output>
          </reporter-output>
        </test-method> <!-- testcase3 -->
      </class> <!-- webdriver_new.playing_with_alerts -->
    </test> <!-- Default test -->
  </suite> <!-- Default suite -->
</testng-results>
