<?xml version="1.0" encoding="UTF-8"?>
<testng-results ignored="0" total="1" passed="1" failed="0" skipped="0">
  <reporter-output>
  </reporter-output>
  <suite started-at="2022-04-06T13:01:27 IST" name="Default suite" finished-at="2022-04-06T13:02:44 IST" duration-ms="76900">
    <groups>
    </groups>
    <test started-at="2022-04-06T13:01:27 IST" name="Default test" finished-at="2022-04-06T13:02:44 IST" duration-ms="76900">
      <class name="DDF.using_of_condition_in_dd">
        <test-method signature="testcase1()[pri:0, instance:DDF.using_of_condition_in_dd@20f5239f]" started-at="2022-04-06T13:01:27 IST" name="testcase1" finished-at="2022-04-06T13:02:44 IST" duration-ms="76833" status="PASS">
          <reporter-output>
          </reporter-output>
        </test-method> <!-- testcase1 -->
      </class> <!-- DDF.using_of_condition_in_dd -->
    </test> <!-- Default test -->
  </suite> <!-- Default suite -->
</testng-results>
