<?xml version="1.0" encoding="UTF-8"?>
<!-- Generated by org.testng.reporters.JUnitXMLReporter -->
<testsuite ignored="2" hostname="DESKTOP-RBRO6UP" failures="0" tests="1" name="Default test" time="19.891" errors="0" timestamp="30 Apr 2022 14:52:51 GMT">
  <testcase classname="webdriver_new.playing_with_alerts" name="testcase3" time="11.291"/>
  <testcase classname="webdriver_new.playing_with_alerts" name="testcase1" time="0.0">
    <ignored/>
  </testcase> <!-- testcase1 -->
  <testcase classname="webdriver_new.playing_with_alerts" name="testcase2" time="0.0">
    <ignored/>
  </testcase> <!-- testcase2 -->
</testsuite> <!-- Default test -->
