<?xml version="1.0" encoding="UTF-8"?>
<testng-results ignored="0" total="1" passed="1" failed="0" skipped="0">
  <reporter-output>
  </reporter-output>
  <suite started-at="2022-04-25T21:13:29Z" name="Default suite" finished-at="2022-04-25T21:14:09Z" duration-ms="40074">
    <groups>
    </groups>
    <test started-at="2022-04-25T21:13:29Z" name="Default test" finished-at="2022-04-25T21:14:09Z" duration-ms="40074">
      <class name="mobile_webapp.demo">
        <test-method is-config="true" signature="bt()[pri:0, instance:mobile_webapp.demo@14bee915]" started-at="2022-04-25T21:13:29Z" name="bt" finished-at="2022-04-25T21:13:50Z" duration-ms="21444" status="PASS">
          <reporter-output>
          </reporter-output>
        </test-method> <!-- bt -->
        <test-method signature="testcase1()[pri:0, instance:mobile_webapp.demo@14bee915]" started-at="2022-04-25T21:13:50Z" name="testcase1" finished-at="2022-04-25T21:14:09Z" duration-ms="18586" status="PASS">
          <reporter-output>
          </reporter-output>
        </test-method> <!-- testcase1 -->
      </class> <!-- mobile_webapp.demo -->
    </test> <!-- Default test -->
  </suite> <!-- Default suite -->
</testng-results>
