<?xml version="1.0" encoding="UTF-8"?>
<!-- Generated by org.testng.reporters.JUnitXMLReporter -->
<testsuite ignored="2" hostname="DESKTOP-RBRO6UP" failures="0" tests="2" name="Test" time="0.07" errors="0" timestamp="2022-04-05T04:02:28 IST">
  <testcase classname="test_ng.groups" name="testcase2" time="0.011"/>
  <testcase classname="test_ng.groups" name="testcase3" time="0.002"/>
  <testcase classname="test_ng.groups" name="testcase1" time="0.0">
    <ignored/>
  </testcase> <!-- testcase1 -->
  <testcase classname="test_ng.groups" name="testcase4" time="0.0">
    <ignored/>
  </testcase> <!-- testcase4 -->
</testsuite> <!-- Test -->
